2023-05-22 23:51:03,366 - Iniciando a criação do arquivo da lista invertida.
2023-05-22 23:51:03,367 - Iniciando criação da lista invertida
2023-05-22 23:51:04,285 - 6 arquivos processados em média 0.152832s.
2023-05-22 23:51:04,285 - Finalizando criação da lista invertida
2023-05-22 23:51:04,309 - Finalizada a criação do arquivo da lista invertida.
2023-05-22 23:51:04,311 - Iniciando operacao de captura das configuracões.
2023-05-22 23:51:04,311 - Iniciando leitura do arquivo de configuracao.
2023-05-22 23:51:04,312 - Arquivo de configuracao lido com sucesso.
2023-05-22 23:52:07,920 - Iniciando a criação do arquivo da lista invertida.
2023-05-22 23:52:07,921 - Iniciando criação da lista invertida
2023-05-22 23:52:09,017 - 6 arquivos processados em média 0.182625s.
2023-05-22 23:52:09,017 - Finalizando criação da lista invertida
2023-05-22 23:52:09,068 - Finalizada a criação do arquivo da lista invertida.
2023-05-22 23:52:09,070 - Iniciando operacao de captura das configuracões.
2023-05-22 23:52:09,070 - Iniciando leitura do arquivo de configuracao.
2023-05-22 23:52:09,071 - Arquivo de configuracao lido com sucesso.
2023-05-23 00:21:33,369 - Iniciando a criação do arquivo da lista invertida.
2023-05-23 00:21:33,370 - Iniciando criação da lista invertida
2023-05-23 00:21:34,914 - 6 arquivos processados em média 0.257167s.
2023-05-23 00:21:34,914 - Finalizando criação da lista invertida
2023-05-23 00:21:34,960 - Finalizada a criação do arquivo da lista invertida.
2023-05-23 00:21:34,963 - Iniciando operacao de captura das configuracões.
2023-05-23 00:21:34,963 - Iniciando leitura do arquivo de configuracao.
2023-05-23 00:21:34,964 - Arquivo de configuracao lido com sucesso.
2023-05-23 00:37:14,596 - Iniciando a criação do arquivo da lista invertida.
2023-05-23 00:37:14,597 - Iniciando criação da lista invertida
2023-05-23 00:37:15,608 - 6 arquivos processados em média 0.16833s.
2023-05-23 00:37:15,608 - Finalizando criação da lista invertida
2023-05-23 00:37:15,654 - Finalizada a criação do arquivo da lista invertida.
2023-05-23 00:37:15,656 - Iniciando operacao de captura das configuracões.
2023-05-23 00:37:15,657 - Iniciando leitura do arquivo de configuracao.
2023-05-23 00:37:15,658 - Arquivo de configuracao lido com sucesso.
2023-05-24 10:57:24,266 - Iniciando a criação do arquivo da lista invertida.
2023-05-24 10:57:24,269 - Iniciando criação da lista invertida
2023-05-24 10:57:27,136 - 6 arquivos processados em média 0.477708s.
2023-05-24 10:57:27,137 - Finalizando criação da lista invertida
2023-05-24 10:57:27,179 - Finalizada a criação do arquivo da lista invertida.
2023-05-24 10:57:27,181 - Iniciando operacao de captura das configuracões.
2023-05-24 10:57:27,181 - Iniciando leitura do arquivo de configuracao.
2023-05-24 10:57:27,194 - Arquivo de configuracao lido com sucesso.
2023-05-24 11:01:11,369 - Iniciando a criação do arquivo da lista invertida.
2023-05-24 11:01:11,372 - Iniciando criação da lista invertida
2023-05-24 11:01:11,706 - 1 arquivos processados em média 0.332997s.
2023-05-24 11:01:11,706 - Finalizando criação da lista invertida
2023-05-24 11:01:11,737 - Finalizada a criação do arquivo da lista invertida.
2023-05-24 11:01:11,738 - Iniciando operacao de captura das configuracões.
2023-05-24 11:01:11,738 - Iniciando leitura do arquivo de configuracao.
2023-05-24 11:01:11,740 - Arquivo de configuracao lido com sucesso.
2023-05-24 11:18:02,710 - Iniciando a criação do arquivo da lista invertida.
2023-05-24 11:18:02,713 - Iniciando criação da lista invertida
2023-05-24 11:18:02,983 - 1 arquivos processados em média 0.268996s.
2023-05-24 11:18:02,983 - Finalizando criação da lista invertida
2023-05-24 11:18:03,003 - Finalizada a criação do arquivo da lista invertida.
2023-05-24 11:18:03,583 - Iniciando operacao de captura das configuracões.
2023-05-24 11:18:03,583 - Iniciando leitura do arquivo de configuracao.
2023-05-24 11:18:03,585 - Arquivo de configuracao lido com sucesso.
2023-05-24 11:30:14,581 - Iniciando a criação do arquivo da lista invertida.
2023-05-24 11:30:14,583 - Iniciando criação da lista invertida
2023-05-24 11:30:14,887 - 1 arquivos processados em média 0.302995s.
2023-05-24 11:30:14,888 - Finalizando criação da lista invertida
2023-05-24 11:30:14,914 - Finalizada a criação do arquivo da lista invertida.
2023-05-24 11:30:14,915 - Iniciando operacao de captura das configuracões.
2023-05-24 11:30:14,915 - Iniciando leitura do arquivo de configuracao.
2023-05-24 11:30:14,917 - Arquivo de configuracao lido com sucesso.
2023-05-24 11:44:37,341 - Iniciando a criação do arquivo da lista invertida.
2023-05-24 11:44:37,343 - Iniciando criação da lista invertida
2023-05-24 11:44:37,697 - 1 arquivos processados em média 0.353003s.
2023-05-24 11:44:37,697 - Finalizando criação da lista invertida
2023-05-24 11:44:37,711 - Finalizada a criação do arquivo da lista invertida.
2023-05-24 11:44:37,712 - Iniciando operacao de captura das configuracões.
2023-05-24 11:44:37,712 - Iniciando leitura do arquivo de configuracao.
2023-05-24 11:44:37,726 - Arquivo de configuracao lido com sucesso.
2023-05-24 11:57:13,826 - Iniciando a criação do arquivo da lista invertida.
2023-05-24 11:57:13,828 - Iniciando criação da lista invertida
2023-05-24 11:57:14,145 - 1 arquivos processados em média 0.316s.
2023-05-24 11:57:14,145 - Finalizando criação da lista invertida
2023-05-24 11:57:14,165 - Finalizada a criação do arquivo da lista invertida.
2023-05-24 11:57:14,166 - Iniciando operacao de captura das configuracões.
2023-05-24 11:57:14,166 - Iniciando leitura do arquivo de configuracao.
2023-05-24 11:57:14,168 - Arquivo de configuracao lido com sucesso.
