2023-05-22 23:51:04,313 - Iniciando a criação da matriz de documentos.
2023-05-22 23:51:19,545 - A matriz possui 7227 tokens e 781 documentos.
2023-05-22 23:52:09,073 - Iniciando a criação da matriz de documentos.
2023-05-22 23:52:27,299 - A matriz possui 7227 tokens e 781 documentos.
2023-05-22 23:52:32,913 - Iniciando a geração do modelo com tf.
2023-05-23 00:04:04,719 - Geração do modelo concluída. Tempo decorrido: 0:11:31.805687.
2023-05-23 00:04:09,169 - Model saved.
2023-05-23 00:04:09,195 - Iniciando operacao de captura das configuracões.
2023-05-23 00:04:09,195 - Iniciando leitura do arquivo de configuracao.
2023-05-23 00:04:09,196 - Arquivo de configuracao lido com sucesso.
2023-05-23 00:21:34,966 - Iniciando a criação da matriz de documentos.
2023-05-23 00:21:56,219 - A matriz possui 7227 tokens e 781 documentos.
2023-05-23 00:22:03,084 - Iniciando a geração do modelo com tf.
2023-05-23 00:33:48,353 - Geração do modelo concluída. Tempo decorrido: 0:11:45.267863.
2023-05-23 00:33:52,725 - Model saved.
2023-05-23 00:33:52,741 - Iniciando operacao de captura das configuracões.
2023-05-23 00:33:52,741 - Iniciando leitura do arquivo de configuracao.
2023-05-23 00:33:52,741 - Arquivo de configuracao lido com sucesso.
2023-05-23 00:37:15,660 - Iniciando a criação da matriz de documentos.
2023-05-23 00:37:31,440 - A matriz possui 7227 tokens e 781 documentos.
2023-05-23 00:37:36,926 - Iniciando a geração do modelo com tf.
2023-05-23 00:37:36,926 - Utilizando normalização.
2023-05-23 01:01:44,283 - Geração do modelo concluída. Tempo decorrido: 0:24:07.356879.
2023-05-23 01:01:48,751 - Model saved.
2023-05-23 01:01:48,768 - Iniciando operacao de captura das configuracões.
2023-05-23 01:01:48,768 - Iniciando leitura do arquivo de configuracao.
2023-05-23 01:01:48,769 - Arquivo de configuracao lido com sucesso.
2023-05-24 10:57:27,197 - Iniciando a criação da matriz de documentos.
2023-05-24 10:58:13,285 - A matriz possui 7227 tokens e 781 documentos.
2023-05-24 10:58:25,232 - Iniciando a geração do modelo com tf.
2023-05-24 10:58:25,233 - Utilizando normalização.
2023-05-24 11:01:11,742 - Iniciando a criação da matriz de documentos.
2023-05-24 11:01:16,013 - A matriz possui 2341 tokens e 101 documentos.
2023-05-24 11:01:16,305 - Iniciando a geração do modelo com tf.
2023-05-24 11:01:16,305 - Utilizando normalização.
2023-05-24 11:04:54,271 - Geração do modelo concluída. Tempo decorrido: 0:03:37.966568.
2023-05-24 11:04:54,555 - Model saved.
2023-05-24 11:04:54,557 - Iniciando operacao de captura das configuracões.
2023-05-24 11:04:54,557 - Iniciando leitura do arquivo de configuracao.
2023-05-24 11:04:54,574 - Arquivo de configuracao lido com sucesso.
2023-05-24 11:18:05,616 - Iniciando a criação da matriz de documentos.
2023-05-24 11:18:09,420 - A matriz possui 2341 tokens e 101 documentos.
2023-05-24 11:18:09,593 - Iniciando a geração do modelo com tf.
2023-05-24 11:20:11,109 - Geração do modelo concluída. Tempo decorrido: 0:02:01.515467.
2023-05-24 11:20:11,348 - Model saved.
2023-05-24 11:20:11,349 - Iniciando operacao de captura das configuracões.
2023-05-24 11:20:11,349 - Iniciando leitura do arquivo de configuracao.
2023-05-24 11:20:11,350 - Arquivo de configuracao lido com sucesso.
2023-05-24 11:30:14,919 - Iniciando a criação da matriz de documentos.
2023-05-24 11:30:18,674 - A matriz possui 2341 tokens e 101 documentos.
2023-05-24 11:30:18,841 - Iniciando a geração do modelo com tf.
2023-05-24 11:30:18,841 - Utilizando normalização.
2023-05-24 11:34:30,144 - Geração do modelo concluída. Tempo decorrido: 0:04:11.303079.
2023-05-24 11:34:30,402 - Model saved.
2023-05-24 11:34:30,405 - Iniciando operacao de captura das configuracões.
2023-05-24 11:34:30,405 - Iniciando leitura do arquivo de configuracao.
2023-05-24 11:34:30,407 - Arquivo de configuracao lido com sucesso.
2023-05-24 11:44:37,729 - Iniciando a criação da matriz de documentos.
2023-05-24 11:44:41,764 - A matriz possui 2341 tokens e 101 documentos.
2023-05-24 11:44:42,061 - Iniciando a geração do modelo com tf.
2023-05-24 11:44:42,062 - Utilizando normalização.
2023-05-24 11:48:41,652 - Geração do modelo concluída. Tempo decorrido: 0:03:59.590530.
2023-05-24 11:48:41,879 - Model saved.
2023-05-24 11:48:41,882 - Iniciando operacao de captura das configuracões.
2023-05-24 11:48:41,882 - Iniciando leitura do arquivo de configuracao.
2023-05-24 11:48:41,896 - Arquivo de configuracao lido com sucesso.
2023-05-24 11:57:14,170 - Iniciando a criação da matriz de documentos.
2023-05-24 11:57:18,075 - A matriz possui 2341 tokens e 101 documentos.
2023-05-24 11:57:18,297 - Iniciando a geração do modelo com tf.
2023-05-24 11:57:18,297 - Utilizando normalização.
2023-05-24 12:01:20,863 - Geração do modelo concluída. Tempo decorrido: 0:04:02.565569.
2023-05-24 12:01:21,171 - Model saved.
2023-05-24 12:01:21,173 - Iniciando operacao de captura das configuracões.
2023-05-24 12:01:21,173 - Iniciando leitura do arquivo de configuracao.
2023-05-24 12:01:21,175 - Arquivo de configuracao lido com sucesso.
